MPASM  5.14                           ADC.ASM   5-27-2008  11:30:02         PAGE  1


LOC  OBJECT CODE     LINE SOURCE TEXT
  VALUE

                      00001 ;****************************************
                      00002 ;
                      00003 ; ADC test code
                      00004 ; Renomania Electronics
                      00005 ;
                      00006 ; PIC16F877a/10Mhz
                      00007 ;       RA0     : analog input
                      00008 ;   PORTB       : digital output
                      00009 ;
                      00010 ; 5/26/2008
                      00011 ;****************************************
                      00012 
                      00013 
                      00014         list            p=16f877a       ; list directive to define processor
                      00015         #include        <p16f877a.inc>  ; processor specific variable definitions
                      00001         LIST
                      00002 ; P16F877A.INC  Standard Header File, Version 1.00    Microchip Technology, Inc.
                      00400         LIST
                      00016         
2007   3F32           00017         __CONFIG _CP_OFF & _WDT_OFF & _BODEN_OFF & _PWRTE_ON & _HS_OSC & _WRT_OFF & _LVP_OFF & _CPD_OFF
                      00018 
                      00019 ;----------------------------
                      00020 ;-----------MACROs-----------
                      00021 ;----------------------------
                      00022 Bank0:  MACRO
                      00023                 bcf STATUS, RP0
                      00024                 bcf STATUS, RP1
                      00025                 ENDM
                      00026 Bank1:  MACRO
                      00027                 bsf STATUS, RP0
                      00028                 bcf STATUS, RP1
                      00029                 ENDM
                      00030 Bank2:  MACRO
                      00031                 bcf STATUS, RP0
                      00032                 bsf STATUS, RP1
                      00033                 ENDM
                      00034 Bank3:  MACRO
                      00035                 bsf STATUS, RP0
                      00036                 bsf STATUS, RP1
                      00037                 ENDM
                      00038 ;---------------------------
                      00039 ;--------Main Code----------
                      00040 ;---------------------------
                      00041 
0000                  00042 initIO
                      00043         Bank0
0000   1283               M                 bcf STATUS, RP0
0001   1303               M                 bcf STATUS, RP1
0002   0185           00044         clrf    PORTA
0003   0186           00045         clrf    PORTB   
                      00046         Bank1
0004   1683               M                 bsf STATUS, RP0
0005   1303               M                 bcf STATUS, RP1
MPASM  5.14                           ADC.ASM   5-27-2008  11:30:02         PAGE  2


LOC  OBJECT CODE     LINE SOURCE TEXT
  VALUE

0006   3007           00047         movlw   0x07
Message[302]: Register in operand not in bank 0.  Ensure that bank bits are correct.
0007   0085           00048         movwf   TRISA   ;RA0 = input
Message[302]: Register in operand not in bank 0.  Ensure that bank bits are correct.
0008   0186           00049         clrf    TRISB   ;RB  = output 
0009                  00050 initADC
                      00051         Bank1
0009   1683               M                 bsf STATUS, RP0
000A   1303               M                 bcf STATUS, RP1
000B   3084           00052         movlw   0x84    ;AN0 AN1 AN3
Message[302]: Register in operand not in bank 0.  Ensure that bank bits are correct.
000C   009F           00053         movwf   ADCON1  ;Vref+ = Vcc
                      00054                                         ;Right just
000D                  00055 main
                      00056         Bank0
000D   1283               M                 bcf STATUS, RP0
000E   1303               M                 bcf STATUS, RP1
000F   3001           00057         movlw   0x01    ;Fosc/2, AN0, no GO, ADON
0010   009F           00058         movwf   ADCON0  
0011   2042           00059         call    delay.05ms
0012                  00060 GoADC
                      00061         ;Start ADC now
0012   151F           00062         bsf             ADCON0, 2 ;GO!
0013                  00063 checkDONE
0013   191F           00064         btfsc   ADCON0, 2 ;done?
0014   2813           00065         goto    checkDONE ;if not
                      00066         ;if DONE
                      00067         Bank1
0015   1683               M                 bsf STATUS, RP0
0016   1303               M                 bcf STATUS, RP1
Message[302]: Register in operand not in bank 0.  Ensure that bank bits are correct.
0017   081E           00068         movf    ADRESL, 0
                      00069         Bank0
0018   1283               M                 bcf STATUS, RP0
0019   1303               M                 bcf STATUS, RP1
001A   00F5           00070         movwf   h'75'   
                      00071 ;       movwf   PORTB
                      00072         
001B   1905           00073         btfsc   PORTA, 2
001C   282A           00074         goto    release
001D   281E           00075         goto    grab
001E                  00076 grab
001E   1685           00077         bsf     PORTA, 5
001F   2056           00078         call    delay.5ms
0020   204C           00079         call    delay.1ms
0021   204C           00080         call    delay.1ms
0022   204C           00081         call    delay.1ms
                      00082 
0023   1786           00083         bsf             PORTB, 7
0024   2056           00084         call    delay.5ms
0025   204C           00085         call    delay.1ms
0026   204C           00086         call    delay.1ms
0027   204C           00087         call    delay.1ms
MPASM  5.14                           ADC.ASM   5-27-2008  11:30:02         PAGE  3


LOC  OBJECT CODE     LINE SOURCE TEXT
  VALUE

0028   1285           00088         bcf     PORTA, 5
0029   2836           00089         goto    dly4us
002A                  00090 release 
002A   1685           00091         bsf     PORTA, 5
002B   204C           00092         call    delay.1ms
002C   204C           00093         call    delay.1ms
002D   204C           00094         call    delay.1ms
002E   204C           00095         call    delay.1ms
002F   1786           00096         bsf             PORTB, 7
0030   2056           00097         call    delay.5ms
0031   204C           00098         call    delay.1ms
0032   204C           00099         call    delay.1ms
0033   204C           00100         call    delay.1ms
0034   1285           00101         bcf     PORTA, 5
0035   2836           00102         goto    dly4us
                      00103 
                      00104 
0036                  00105 dly4us
0036   203C           00106         call    delay
0037   0BF5           00107         decfsz  h'75', 1
0038   2836           00108         goto    dly4us
0039   1386           00109         bcf             PORTB, 7
                      00110 
003A   2061           00111         call    delay10ms
                      00112         
003B   2812           00113         goto    GoADC
                      00114          
                      00115 ;----------------------------
                      00116 ;-------SUBROUTINES----------
                      00117 ;----------------------------
                      00118 
003C                  00119 delay ;30 xtal cycles
003C   3009           00120         movlw   d'9'
003D   00F0           00121         movwf   h'70'
003E                  00122 pta     
003E   0BF0           00123         decfsz  h'70', 1
003F   283E           00124         goto    pta
0040   0000           00125         nop
0041   0008           00126         return
                      00127 
                      00128 
0042                  00129 delay.05ms ;125 xtal cycles
0042   3018           00130         movlw d'24'
0043   00F0           00131         movwf h'70'
0044                  00132 pt0
0044   0000           00133         nop
0045   0000           00134         nop
0046   0BF0           00135         decfsz h'70', 1
0047   2844           00136         goto pt0
0048   0000           00137         nop
0049   0000           00138         nop
004A   0000           00139         nop
004B   0008           00140         return
MPASM  5.14                           ADC.ASM   5-27-2008  11:30:02         PAGE  4


LOC  OBJECT CODE     LINE SOURCE TEXT
  VALUE

                      00141 
004C                  00142 delay.1ms ;250 xtal cycles
004C   3031           00143         movlw d'49'
004D   00F0           00144         movwf h'70'
004E                  00145 pt1
004E   0000           00146         nop
004F   0000           00147         nop
0050   0BF0           00148         decfsz h'70', 1
0051   284E           00149         goto pt1
0052   0000           00150         nop
0053   0000           00151         nop
0054   0000           00152         nop
0055   0008           00153         return
                      00154         
0056                  00155 delay.5ms ;1250 xtal cycles
0056   3005           00156         movlw d'5'
0057   00F1           00157         movwf h'71'
0058                  00158 pt2
0058   3031           00159         movlw d'49'
0059   00F0           00160         movwf h'70'
005A                  00161 pt3
005A   0000           00162         nop
005B   0000           00163         nop
005C   0BF0           00164         decfsz h'70', 1
005D   285A           00165         goto pt3
005E   0BF1           00166         decfsz h'71', 1
005F   2858           00167         goto pt2
0060   0008           00168         return
                      00169 
0061                  00170 delay10ms ;25000 xtal cycles
0061   3019           00171         movlw d'25'
0062   00F1           00172         movwf h'71'
0063                  00173 ptx
0063   30C7           00174         movlw d'199'
0064   00F0           00175         movwf h'70'
0065                  00176 pty
0065   0000           00177         nop
0066   0000           00178         nop
0067   0BF0           00179         decfsz h'70', 1
0068   2865           00180         goto pty
0069   0BF1           00181         decfsz h'71', 1
006A   2863           00182         goto ptx
006B   0008           00183         return
                      00184         
006C                  00185 delay20ms ;50000 xtal cycles
006C   3032           00186         movlw d'50'
006D   00F1           00187         movwf h'71'
006E                  00188 pt4
006E   30C7           00189         movlw d'199'
006F   00F0           00190         movwf h'70'
0070                  00191 pt5
0070   0000           00192         nop
0071   0000           00193         nop
MPASM  5.14                           ADC.ASM   5-27-2008  11:30:02         PAGE  5


LOC  OBJECT CODE     LINE SOURCE TEXT
  VALUE

0072   0BF0           00194         decfsz h'70', 1
0073   2870           00195         goto pt5
0074   0BF1           00196         decfsz h'71', 1
0075   286E           00197         goto pt4
0076   0008           00198         return
                      00199         
0077                  00200 delay100ms ;250000 xtal cycles
0077   30FA           00201         movlw d'250'
0078   00F1           00202         movwf h'71'
0079                  00203 pt6
0079   30C7           00204         movlw d'199'
007A   00F0           00205         movwf h'70'
007B                  00206 pt7
007B   0000           00207         nop
007C   0000           00208         nop
007D   0BF0           00209         decfsz h'70', 1
007E   287B           00210         goto pt7
007F   0BF1           00211         decfsz h'71', 1
0080   2879           00212         goto pt6
0081   0008           00213         return
                      00214         
                      00215 
                      00216 
                      00217         END                       ; directive 'end of program'
MPASM  5.14                           ADC.ASM   5-27-2008  11:30:02         PAGE  6


SYMBOL TABLE
  LABEL                             VALUE 

ACKDT                             00000005
ACKEN                             00000004
ACKSTAT                           00000006
ADCON0                            0000001F
ADCON1                            0000009F
ADCS0                             00000006
ADCS1                             00000007
ADCS2                             00000006
ADDEN                             00000003
ADFM                              00000007
ADIE                              00000006
ADIF                              00000006
ADON                              00000000
ADRESH                            0000001E
ADRESL                            0000009E
BCLIE                             00000003
BCLIF                             00000003
BF                                00000000
BRGH                              00000002
Bank0                             
Bank1                             
Bank2                             
Bank3                             
C                                 00000000
C1INV                             00000004
C1OUT                             00000006
C2INV                             00000005
C2OUT                             00000007
CCP1CON                           00000017
CCP1IE                            00000002
CCP1IF                            00000002
CCP1M0                            00000000
CCP1M1                            00000001
CCP1M2                            00000002
CCP1M3                            00000003
CCP1X                             00000005
CCP1Y                             00000004
CCP2CON                           0000001D
CCP2IE                            00000000
CCP2IF                            00000000
CCP2M0                            00000000
CCP2M1                            00000001
CCP2M2                            00000002
CCP2M3                            00000003
CCP2X                             00000005
CCP2Y                             00000004
CCPR1H                            00000016
CCPR1L                            00000015
CCPR2H                            0000001C
CCPR2L                            0000001B
CHS0                              00000003
CHS1                              00000004
CHS2                              00000005
MPASM  5.14                           ADC.ASM   5-27-2008  11:30:02         PAGE  7


SYMBOL TABLE
  LABEL                             VALUE 

CIS                               00000003
CKE                               00000006
CKP                               00000004
CM0                               00000000
CM1                               00000001
CM2                               00000002
CMCON                             0000009C
CMIE                              00000006
CMIF                              00000006
CREN                              00000004
CSRC                              00000007
CVR0                              00000000
CVR1                              00000001
CVR2                              00000002
CVR3                              00000003
CVRCON                            0000009D
CVREN                             00000007
CVROE                             00000006
CVRR                              00000005
D                                 00000005
DATA_ADDRESS                      00000005
DC                                00000001
D_A                               00000005
EEADR                             0000010D
EEADRH                            0000010F
EECON1                            0000018C
EECON2                            0000018D
EEDATA                            0000010C
EEDATH                            0000010E
EEIE                              00000004
EEIF                              00000004
EEPGD                             00000007
F                                 00000001
FERR                              00000002
FSR                               00000004
GCEN                              00000007
GIE                               00000007
GO                                00000002
GO_DONE                           00000002
GoADC                             00000012
I2C_DATA                          00000005
I2C_READ                          00000002
I2C_START                         00000003
I2C_STOP                          00000004
IBF                               00000007
IBOV                              00000005
INDF                              00000000
INTCON                            0000000B
INTE                              00000004
INTEDG                            00000006
INTF                              00000001
IRP                               00000007
NOT_A                             00000005
MPASM  5.14                           ADC.ASM   5-27-2008  11:30:02         PAGE  8


SYMBOL TABLE
  LABEL                             VALUE 

NOT_ADDRESS                       00000005
NOT_BO                            00000000
NOT_BOR                           00000000
NOT_DONE                          00000002
NOT_PD                            00000003
NOT_POR                           00000001
NOT_RBPU                          00000007
NOT_RC8                           00000006
NOT_T1SYNC                        00000002
NOT_TO                            00000004
NOT_TX8                           00000006
NOT_W                             00000002
NOT_WRITE                         00000002
OBF                               00000006
OERR                              00000001
OPTION_REG                        00000081
P                                 00000004
PCFG0                             00000000
PCFG1                             00000001
PCFG2                             00000002
PCFG3                             00000003
PCL                               00000002
PCLATH                            0000000A
PCON                              0000008E
PEIE                              00000006
PEN                               00000002
PIE1                              0000008C
PIE2                              0000008D
PIR1                              0000000C
PIR2                              0000000D
PORTA                             00000005
PORTB                             00000006
PORTC                             00000007
PORTD                             00000008
PORTE                             00000009
PR2                               00000092
PS0                               00000000
PS1                               00000001
PS2                               00000002
PSA                               00000003
PSPIE                             00000007
PSPIF                             00000007
PSPMODE                           00000004
R                                 00000002
RBIE                              00000003
RBIF                              00000000
RC8_9                             00000006
RC9                               00000006
RCD8                              00000000
RCEN                              00000003
RCIE                              00000005
RCIF                              00000005
RCREG                             0000001A
MPASM  5.14                           ADC.ASM   5-27-2008  11:30:02         PAGE  9


SYMBOL TABLE
  LABEL                             VALUE 

RCSTA                             00000018
RD                                00000000
READ_WRITE                        00000002
RP0                               00000005
RP1                               00000006
RSEN                              00000001
RX9                               00000006
RX9D                              00000000
R_W                               00000002
S                                 00000003
SEN                               00000000
SMP                               00000007
SPBRG                             00000099
SPEN                              00000007
SREN                              00000005
SSPADD                            00000093
SSPBUF                            00000013
SSPCON                            00000014
SSPCON2                           00000091
SSPEN                             00000005
SSPIE                             00000003
SSPIF                             00000003
SSPM0                             00000000
SSPM1                             00000001
SSPM2                             00000002
SSPM3                             00000003
SSPOV                             00000006
SSPSTAT                           00000094
STATUS                            00000003
SYNC                              00000004
T0CS                              00000005
T0IE                              00000005
T0IF                              00000002
T0SE                              00000004
T1CKPS0                           00000004
T1CKPS1                           00000005
T1CON                             00000010
T1INSYNC                          00000002
T1OSCEN                           00000003
T1SYNC                            00000002
T2CKPS0                           00000000
T2CKPS1                           00000001
T2CON                             00000012
TMR0                              00000001
TMR0IE                            00000005
TMR0IF                            00000002
TMR1CS                            00000001
TMR1H                             0000000F
TMR1IE                            00000000
TMR1IF                            00000000
TMR1L                             0000000E
TMR1ON                            00000000
TMR2                              00000011
MPASM  5.14                           ADC.ASM   5-27-2008  11:30:02         PAGE 10


SYMBOL TABLE
  LABEL                             VALUE 

TMR2IE                            00000001
TMR2IF                            00000001
TMR2ON                            00000002
TOUTPS0                           00000003
TOUTPS1                           00000004
TOUTPS2                           00000005
TOUTPS3                           00000006
TRISA                             00000085
TRISB                             00000086
TRISC                             00000087
TRISD                             00000088
TRISE                             00000089
TRISE0                            00000000
TRISE1                            00000001
TRISE2                            00000002
TRMT                              00000001
TX8_9                             00000006
TX9                               00000006
TX9D                              00000000
TXD8                              00000000
TXEN                              00000005
TXIE                              00000004
TXIF                              00000004
TXREG                             00000019
TXSTA                             00000098
UA                                00000001
W                                 00000000
WCOL                              00000007
WR                                00000001
WREN                              00000002
WRERR                             00000003
Z                                 00000002
_BODEN_OFF                        00003FBF
_BODEN_ON                         00003FFF
_CPD_OFF                          00003FFF
_CPD_ON                           00003EFF
_CP_ALL                           00001FFF
_CP_OFF                           00003FFF
_DEBUG_OFF                        00003FFF
_DEBUG_ON                         000037FF
_HS_OSC                           00003FFE
_LP_OSC                           00003FFC
_LVP_OFF                          00003F7F
_LVP_ON                           00003FFF
_PWRTE_OFF                        00003FFF
_PWRTE_ON                         00003FF7
_RC_OSC                           00003FFF
_WDT_OFF                          00003FFB
_WDT_ON                           00003FFF
_WRT_1FOURTH                      00003BFF
_WRT_256                          00003DFF
_WRT_HALF                         000039FF
_WRT_OFF                          00003FFF
MPASM  5.14                           ADC.ASM   5-27-2008  11:30:02         PAGE 11


SYMBOL TABLE
  LABEL                             VALUE 

_XT_OSC                           00003FFD
__16F877A                         00000001
checkDONE                         00000013
delay                             0000003C
delay.05ms                        00000042
delay.1ms                         0000004C
delay.5ms                         00000056
delay100ms                        00000077
delay10ms                         00000061
delay20ms                         0000006C
dly4us                            00000036
grab                              0000001E
initADC                           00000009
initIO                            00000000
main                              0000000D
pt0                               00000044
pt1                               0000004E
pt2                               00000058
pt3                               0000005A
pt4                               0000006E
pt5                               00000070
pt6                               00000079
pt7                               0000007B
pta                               0000003E
ptx                               00000063
pty                               00000065
release                           0000002A


MEMORY USAGE MAP ('X' = Used,  '-' = Unused)

0000 : XXXXXXXXXXXXXXXX XXXXXXXXXXXXXXXX XXXXXXXXXXXXXXXX XXXXXXXXXXXXXXXX
0040 : XXXXXXXXXXXXXXXX XXXXXXXXXXXXXXXX XXXXXXXXXXXXXXXX XXXXXXXXXXXXXXXX
0080 : XX-------------- ---------------- ---------------- ----------------
2000 : -------X-------- ---------------- ---------------- ----------------

All other memory blocks unused.

Program Memory Words Used:   130
Program Memory Words Free:  8062


Errors   :     0
Warnings :     0 reported,     0 suppressed
Messages :     4 reported,     0 suppressed

