MPASM  5.14                           IR2.ASM   1-14-2009  23:29:57         PAGE  1


LOC  OBJECT CODE     LINE SOURCE TEXT
  VALUE

                      00001         list            p=16f877a                       ; list directive to define processor
                      00002         #include        <p16f877a.inc>          ; processor specific variable definitions
                      00001         LIST
                      00002 ; P16F877A.INC  Standard Header File, Version 1.00    Microchip Technology, Inc.
                      00400         LIST
                      00003         
2007   3F32           00004         __CONFIG _CP_OFF & _WDT_OFF & _BODEN_OFF & _PWRTE_ON & _HS_OSC & _WRT_OFF & _LVP_OFF & _CPD_OFF
                      00005 
0000                  00006 start
0000   1283           00007         bcf     STATUS, RP0
0001   1303           00008         bcf     STATUS, RP1
0002   0185           00009         clrf    PORTA
0003   0186           00010         clrf    PORTB
                      00011         
0004   1683           00012         bsf     STATUS, RP0
0005   3006           00013         movlw   0x06                            ;sets all of portA as digital
Message[302]: Register in operand not in bank 0.  Ensure that bank bits are correct.
0006   009F           00014         movwf   ADCON1
0007   3002           00015         movlw   0x02                            ;sets just A1 as input
Message[302]: Register in operand not in bank 0.  Ensure that bank bits are correct.
0008   0085           00016         movwf   TRISA
Message[302]: Register in operand not in bank 0.  Ensure that bank bits are correct.
0009   0186           00017         clrf    TRISB
                      00018         
000A   1283           00019         bcf     STATUS, RP0
                      00020         
000B                  00021 wait    
000B   0186           00022         clrf    PORTB
000C   30FA           00023         movlw   d'250'  
000D   203D           00024         call    delayShort
000E   30FA           00025         movlw   d'250'  
000F   203D           00026         call    delayShort
0010   30FA           00027         movlw   d'250'  
0011   203D           00028         call    delayShort
0012   30FA           00029         movlw   d'250'  
0013   203D           00030         call    delayShort
0014   3007           00031         movlw   d'7'
0015   00F5           00032         movwf   h'75'
0016   1405           00033         bsf     PORTA, 0                        ;standby lamp is on
0017   2818           00034         goto    standby
                      00035 
0018                  00036 standby                         
0018   1C85           00037         btfss   PORTA, 1                        ;skip if intput is HIGH
0019   2818           00038         goto    standby
001A   281B           00039         goto    receive
                      00040 
001B                  00041 receive
001B   1005           00042         bcf     PORTA, 0                        ;standby lamp is off
001C   3027           00043         movlw   d'39'
001D   203D           00044         call    delayShort                      ;3.9ms
001E   2821           00045         goto    accept
001F                  00046 save
Message[305]: Using default destination of 1 (file).
MPASM  5.14                           IR2.ASM   1-14-2009  23:29:57         PAGE  2


LOC  OBJECT CODE     LINE SOURCE TEXT
  VALUE

001F   0D86           00047         rlf     PORTB
0020   2821           00048         goto    accept
0021                  00049 accept
0021   1885           00050         btfsc   PORTA, 1                        ;is it high again?
0022   2825           00051         goto    one1                            ;if low
0023   1006           00052         bcf     PORTB, 0
0024   2828           00053         goto    next1                           ;if high
0025                  00054 one1
0025   1406           00055         bsf     PORTB, 0
0026   3006           00056         movlw   d'6'
0027   203D           00057         call    delayShort
0028                  00058 next1
0028   300C           00059         movlw   d'12'
0029   203D           00060         call    delayShort
                      00061         
002A   0BF5           00062         decfsz  h'75', 1
002B   281F           00063         goto    save
002C                  00064 stop
002C   30FA           00065         movlw   d'250'  
002D   203D           00066         call    delayShort
002E   30FA           00067         movlw   d'250'  
002F   203D           00068         call    delayShort
0030   30FA           00069         movlw   d'250'  
0031   203D           00070         call    delayShort
0032   30FA           00071         movlw   d'250'  
0033   203D           00072         call    delayShort
0034   30FA           00073         movlw   d'250'  
0035   203D           00074         call    delayShort
0036   30FA           00075         movlw   d'250'  
0037   203D           00076         call    delayShort
0038   30FA           00077         movlw   d'250'  
0039   203D           00078         call    delayShort
003A   30FA           00079         movlw   d'250'  
003B   203D           00080         call    delayShort
003C   280B           00081         goto    wait
                      00082 ;-----------------------
                      00083 ;----SUBROUTINES--------
                      00084 ;-----------------------
                      00085         
003D                  00086 delayShort
003D   00F1           00087         movwf   h'71'
003E                  00088 part2
003E   3030           00089         movlw   d'48'
003F   00F0           00090         movwf   h'70'
0040                  00091 part1   
0040   0000           00092         nop
0041   0000           00093         nop
0042   0BF0           00094         decfsz  h'70', 1
0043   2840           00095         goto    part1
0044   0BF1           00096         decfsz  h'71', 1
0045   283E           00097         goto    part2
0046   0008           00098         return
                      00099         
MPASM  5.14                           IR2.ASM   1-14-2009  23:29:57         PAGE  3


LOC  OBJECT CODE     LINE SOURCE TEXT
  VALUE

                      00100         END                             ; directive 'end of program'
MPASM  5.14                           IR2.ASM   1-14-2009  23:29:57         PAGE  4


SYMBOL TABLE
  LABEL                             VALUE 

ACKDT                             00000005
ACKEN                             00000004
ACKSTAT                           00000006
ADCON0                            0000001F
ADCON1                            0000009F
ADCS0                             00000006
ADCS1                             00000007
ADCS2                             00000006
ADDEN                             00000003
ADFM                              00000007
ADIE                              00000006
ADIF                              00000006
ADON                              00000000
ADRESH                            0000001E
ADRESL                            0000009E
BCLIE                             00000003
BCLIF                             00000003
BF                                00000000
BRGH                              00000002
C                                 00000000
C1INV                             00000004
C1OUT                             00000006
C2INV                             00000005
C2OUT                             00000007
CCP1CON                           00000017
CCP1IE                            00000002
CCP1IF                            00000002
CCP1M0                            00000000
CCP1M1                            00000001
CCP1M2                            00000002
CCP1M3                            00000003
CCP1X                             00000005
CCP1Y                             00000004
CCP2CON                           0000001D
CCP2IE                            00000000
CCP2IF                            00000000
CCP2M0                            00000000
CCP2M1                            00000001
CCP2M2                            00000002
CCP2M3                            00000003
CCP2X                             00000005
CCP2Y                             00000004
CCPR1H                            00000016
CCPR1L                            00000015
CCPR2H                            0000001C
CCPR2L                            0000001B
CHS0                              00000003
CHS1                              00000004
CHS2                              00000005
CIS                               00000003
CKE                               00000006
CKP                               00000004
CM0                               00000000
MPASM  5.14                           IR2.ASM   1-14-2009  23:29:57         PAGE  5


SYMBOL TABLE
  LABEL                             VALUE 

CM1                               00000001
CM2                               00000002
CMCON                             0000009C
CMIE                              00000006
CMIF                              00000006
CREN                              00000004
CSRC                              00000007
CVR0                              00000000
CVR1                              00000001
CVR2                              00000002
CVR3                              00000003
CVRCON                            0000009D
CVREN                             00000007
CVROE                             00000006
CVRR                              00000005
D                                 00000005
DATA_ADDRESS                      00000005
DC                                00000001
D_A                               00000005
EEADR                             0000010D
EEADRH                            0000010F
EECON1                            0000018C
EECON2                            0000018D
EEDATA                            0000010C
EEDATH                            0000010E
EEIE                              00000004
EEIF                              00000004
EEPGD                             00000007
F                                 00000001
FERR                              00000002
FSR                               00000004
GCEN                              00000007
GIE                               00000007
GO                                00000002
GO_DONE                           00000002
I2C_DATA                          00000005
I2C_READ                          00000002
I2C_START                         00000003
I2C_STOP                          00000004
IBF                               00000007
IBOV                              00000005
INDF                              00000000
INTCON                            0000000B
INTE                              00000004
INTEDG                            00000006
INTF                              00000001
IRP                               00000007
NOT_A                             00000005
NOT_ADDRESS                       00000005
NOT_BO                            00000000
NOT_BOR                           00000000
NOT_DONE                          00000002
NOT_PD                            00000003
MPASM  5.14                           IR2.ASM   1-14-2009  23:29:57         PAGE  6


SYMBOL TABLE
  LABEL                             VALUE 

NOT_POR                           00000001
NOT_RBPU                          00000007
NOT_RC8                           00000006
NOT_T1SYNC                        00000002
NOT_TO                            00000004
NOT_TX8                           00000006
NOT_W                             00000002
NOT_WRITE                         00000002
OBF                               00000006
OERR                              00000001
OPTION_REG                        00000081
P                                 00000004
PCFG0                             00000000
PCFG1                             00000001
PCFG2                             00000002
PCFG3                             00000003
PCL                               00000002
PCLATH                            0000000A
PCON                              0000008E
PEIE                              00000006
PEN                               00000002
PIE1                              0000008C
PIE2                              0000008D
PIR1                              0000000C
PIR2                              0000000D
PORTA                             00000005
PORTB                             00000006
PORTC                             00000007
PORTD                             00000008
PORTE                             00000009
PR2                               00000092
PS0                               00000000
PS1                               00000001
PS2                               00000002
PSA                               00000003
PSPIE                             00000007
PSPIF                             00000007
PSPMODE                           00000004
R                                 00000002
RBIE                              00000003
RBIF                              00000000
RC8_9                             00000006
RC9                               00000006
RCD8                              00000000
RCEN                              00000003
RCIE                              00000005
RCIF                              00000005
RCREG                             0000001A
RCSTA                             00000018
RD                                00000000
READ_WRITE                        00000002
RP0                               00000005
RP1                               00000006
MPASM  5.14                           IR2.ASM   1-14-2009  23:29:57         PAGE  7


SYMBOL TABLE
  LABEL                             VALUE 

RSEN                              00000001
RX9                               00000006
RX9D                              00000000
R_W                               00000002
S                                 00000003
SEN                               00000000
SMP                               00000007
SPBRG                             00000099
SPEN                              00000007
SREN                              00000005
SSPADD                            00000093
SSPBUF                            00000013
SSPCON                            00000014
SSPCON2                           00000091
SSPEN                             00000005
SSPIE                             00000003
SSPIF                             00000003
SSPM0                             00000000
SSPM1                             00000001
SSPM2                             00000002
SSPM3                             00000003
SSPOV                             00000006
SSPSTAT                           00000094
STATUS                            00000003
SYNC                              00000004
T0CS                              00000005
T0IE                              00000005
T0IF                              00000002
T0SE                              00000004
T1CKPS0                           00000004
T1CKPS1                           00000005
T1CON                             00000010
T1INSYNC                          00000002
T1OSCEN                           00000003
T1SYNC                            00000002
T2CKPS0                           00000000
T2CKPS1                           00000001
T2CON                             00000012
TMR0                              00000001
TMR0IE                            00000005
TMR0IF                            00000002
TMR1CS                            00000001
TMR1H                             0000000F
TMR1IE                            00000000
TMR1IF                            00000000
TMR1L                             0000000E
TMR1ON                            00000000
TMR2                              00000011
TMR2IE                            00000001
TMR2IF                            00000001
TMR2ON                            00000002
TOUTPS0                           00000003
TOUTPS1                           00000004
MPASM  5.14                           IR2.ASM   1-14-2009  23:29:57         PAGE  8


SYMBOL TABLE
  LABEL                             VALUE 

TOUTPS2                           00000005
TOUTPS3                           00000006
TRISA                             00000085
TRISB                             00000086
TRISC                             00000087
TRISD                             00000088
TRISE                             00000089
TRISE0                            00000000
TRISE1                            00000001
TRISE2                            00000002
TRMT                              00000001
TX8_9                             00000006
TX9                               00000006
TX9D                              00000000
TXD8                              00000000
TXEN                              00000005
TXIE                              00000004
TXIF                              00000004
TXREG                             00000019
TXSTA                             00000098
UA                                00000001
W                                 00000000
WCOL                              00000007
WR                                00000001
WREN                              00000002
WRERR                             00000003
Z                                 00000002
_BODEN_OFF                        00003FBF
_BODEN_ON                         00003FFF
_CPD_OFF                          00003FFF
_CPD_ON                           00003EFF
_CP_ALL                           00001FFF
_CP_OFF                           00003FFF
_DEBUG_OFF                        00003FFF
_DEBUG_ON                         000037FF
_HS_OSC                           00003FFE
_LP_OSC                           00003FFC
_LVP_OFF                          00003F7F
_LVP_ON                           00003FFF
_PWRTE_OFF                        00003FFF
_PWRTE_ON                         00003FF7
_RC_OSC                           00003FFF
_WDT_OFF                          00003FFB
_WDT_ON                           00003FFF
_WRT_1FOURTH                      00003BFF
_WRT_256                          00003DFF
_WRT_HALF                         000039FF
_WRT_OFF                          00003FFF
_XT_OSC                           00003FFD
__16F877A                         00000001
accept                            00000021
delayShort                        0000003D
next1                             00000028
MPASM  5.14                           IR2.ASM   1-14-2009  23:29:57         PAGE  9


SYMBOL TABLE
  LABEL                             VALUE 

one1                              00000025
part1                             00000040
part2                             0000003E
receive                           0000001B
save                              0000001F
standby                           00000018
start                             00000000
stop                              0000002C
wait                              0000000B


MEMORY USAGE MAP ('X' = Used,  '-' = Unused)

0000 : XXXXXXXXXXXXXXXX XXXXXXXXXXXXXXXX XXXXXXXXXXXXXXXX XXXXXXXXXXXXXXXX
0040 : XXXXXXX--------- ---------------- ---------------- ----------------
2000 : -------X-------- ---------------- ---------------- ----------------

All other memory blocks unused.

Program Memory Words Used:    71
Program Memory Words Free:  8121


Errors   :     0
Warnings :     0 reported,     0 suppressed
Messages :     4 reported,     0 suppressed

