MPASM  5.31                   16F877ATMPO.ASM   8-18-2009  23:53:35         PAGE  1


LOC  OBJECT CODE     LINE SOURCE TEXT
  VALUE

                      00001 
                      00002         list            p=16f877a       ; list directive to define processor
                      00003         #include        <p16f877a.inc>  ; processor specific variable definitions
                      00001         LIST
                      00002 ; P16F877A.INC  Standard Header File, Version 1.00    Microchip Technology, Inc.
                      00400         LIST
                      00004         
2007   3FB2           00005         __CONFIG _CP_OFF & _WDT_OFF & _BODEN_OFF & _PWRTE_ON & _HS_OSC & _WRT_OFF & _LVP_ON & _CPD_OFF
                      00006 
  00000070            00007 SIG0    EQU             0x70
                      00008 
                      00009 ;-----------------------------------;
                      00010 ;---------------MACROs--------------;
                      00011 ;-----------------------------------;
                      00012 Bank0:  MACRO
                      00013                 bcf     STATUS, RP0
                      00014                 bcf     STATUS, RP1
                      00015                 ENDM
                      00016 Bank1:  MACRO
                      00017                 bsf     STATUS, RP0
                      00018                 bcf     STATUS, RP1
                      00019                 ENDM
                      00020 Bank2:  MACRO
                      00021                 bcf     STATUS, RP0
                      00022                 bsf     STATUS, RP1
                      00023                 ENDM
                      00024 Bank3:  MACRO
                      00025                 bsf     STATUS, RP0
                      00026                 bsf     STATUS, RP1
                      00027                 ENDM
                      00028 ;-----------------------------------;
                      00029 ;-------------Main Code-------------;
                      00030 ;-----------------------------------;
                      00031         ORG             0x000                           ;start
0000   2???           00032         goto    initPORTS
                      00033         
                      00034         ORG             0x004                           ;interrupt
                      00035         
                      00036 
0004                  00037 initPORTS
                      00038         Bank0
0004   1283               M                 bcf     STATUS, RP0
0005   1303               M                 bcf     STATUS, RP1
0006   0185           00039         clrf    PORTA                           
0007   0186           00040         clrf    PORTB   
0008   0187           00041         clrf    PORTC                   
                      00042         Bank1
0009   1683               M                 bsf     STATUS, RP0
000A   1303               M                 bcf     STATUS, RP1
Message[302]: Register in operand not in bank 0.  Ensure that bank bits are correct.
000B   0185           00043         clrf    TRISA                           ;output
Message[302]: Register in operand not in bank 0.  Ensure that bank bits are correct.
000C   0186           00044         clrf    TRISB                           ;output
MPASM  5.31                   16F877ATMPO.ASM   8-18-2009  23:53:35         PAGE  2


LOC  OBJECT CODE     LINE SOURCE TEXT
  VALUE

Message[302]: Register in operand not in bank 0.  Ensure that bank bits are correct.
000D   0187           00045         clrf    TRISC                           ;output
000E   2???           00046         goto    initREGS
                      00047         
000F                  00048 initREGS
000F   30FF           00049         movlw   d'255'
0010   00F0           00050         movwf   SIG0    
0011   2???           00051         goto    initTMR2
                      00052         
0012                  00053 initTMR2
                      00054         Bank0
0012   1283               M                 bcf     STATUS, RP0
0013   1303               M                 bcf     STATUS, RP1
0014   018B           00055         clrf    INTCON                          ;disable all interrrupts
0015   018C           00056         clrf    PIR1                            ;clear TMR2IF
                      00057         Bank1
0016   1683               M                 bsf     STATUS, RP0
0017   1303               M                 bcf     STATUS, RP1
Message[302]: Register in operand not in bank 0.  Ensure that bank bits are correct.
0018   018C           00058         clrf    PIE1                            ;clear TMR2IE
0019   3042           00059         movlw   d'66'                           ;38kHz with 2.5MHz XTAL
Message[302]: Register in operand not in bank 0.  Ensure that bank bits are correct.
001A   0092           00060         movwf   PR2                                     
                      00061         Bank0
001B   1283               M                 bcf     STATUS, RP0
001C   1303               M                 bcf     STATUS, RP1
001D   3000           00062         movlw   0x00
001E   0092           00063         movwf   T2CON                           ;Timer2 off
001F   2???           00064         goto    initPWM
                      00065         
0020                  00066 initPWM
                      00067         Bank0
0020   1283               M                 bcf     STATUS, RP0
0021   1303               M                 bcf     STATUS, RP1
0022   3021           00068         movlw   d'33'
0023   0095           00069         movwf   CCPR1L
0024   3008           00070         movlw   0x08
0025   0097           00071         movwf   CCP1CON
                      00072         
0026                  00073 main
0026   2???           00074         goto    main
                      00075 ;-----------------------------------;
                      00076 ;------------SUBROUTINES------------;
                      00077 ;-----------------------------------;
0027                  00078 delay250us
0027   307C           00079         movlw   d'124'
0028   00F0           00080         movwf   h'70'
0029                  00081 partA                                                   ;about 100 cycles
0029   0000           00082         nop
002A   0000           00083         nop
Message[305]: Using default destination of 1 (file).
002B   0BF0           00084         decfsz  h'70'
002C   2???           00085         goto    part1
MPASM  5.31                   16F877ATMPO.ASM   8-18-2009  23:53:35         PAGE  3


LOC  OBJECT CODE     LINE SOURCE TEXT
  VALUE

002D   0000           00086         nop
002E   0000           00087         nop
002F   0000           00088         nop
0030   0008           00089         return
                      00090                 
0031                  00091 delay500us
0031   30F9           00092         movlw   d'249'
0032   00F0           00093         movwf   h'70'
0033                  00094 part1                                                   ;about 100 cycles
0033   0000           00095         nop
0034   0000           00096         nop
Message[305]: Using default destination of 1 (file).
0035   0BF0           00097         decfsz  h'70', 
0036   2???           00098         goto    part1
0037   0000           00099         nop
0038   0000           00100         nop
0039   0000           00101         nop
003A   0008           00102         return
                      00103         
003B                  00104 delay2ms
003B   3004           00105         movlw   d'4'
003C   00F1           00106         movwf   h'71'
003D                  00107 part2
003D   30F9           00108         movlw   d'249'
003E   00F0           00109         movwf   h'70'
003F                  00110 part3   
003F   0000           00111         nop
0040   0000           00112         nop
Message[305]: Using default destination of 1 (file).
0041   0BF0           00113         decfsz  h'70', 
0042   2???           00114         goto    part3
0043   0000           00115         nop
0044   0000           00116         nop
0045   0000           00117         nop
Message[305]: Using default destination of 1 (file).
0046   0BF1           00118         decfsz h'71'
0047   2???           00119         goto    part2
0048   0008           00120         return
3FB2                  00121         END                       ; directive 'end of program'
MPASM  5.31                   16F877ATMPO.ASM   8-18-2009  23:53:35         PAGE  4


SYMBOL TABLE
  LABEL                             VALUE 

ACKDT                             00000005
ACKEN                             00000004
ACKSTAT                           00000006
ADCON0                            0000001F
ADCON1                            0000009F
ADCS0                             00000006
ADCS1                             00000007
ADCS2                             00000006
ADDEN                             00000003
ADFM                              00000007
ADIE                              00000006
ADIF                              00000006
ADON                              00000000
ADRESH                            0000001E
ADRESL                            0000009E
BCLIE                             00000003
BCLIF                             00000003
BF                                00000000
BRGH                              00000002
Bank0                             
Bank1                             
Bank2                             
Bank3                             
C                                 00000000
C1INV                             00000004
C1OUT                             00000006
C2INV                             00000005
C2OUT                             00000007
CCP1CON                           00000017
CCP1IE                            00000002
CCP1IF                            00000002
CCP1M0                            00000000
CCP1M1                            00000001
CCP1M2                            00000002
CCP1M3                            00000003
CCP1X                             00000005
CCP1Y                             00000004
CCP2CON                           0000001D
CCP2IE                            00000000
CCP2IF                            00000000
CCP2M0                            00000000
CCP2M1                            00000001
CCP2M2                            00000002
CCP2M3                            00000003
CCP2X                             00000005
CCP2Y                             00000004
CCPR1H                            00000016
CCPR1L                            00000015
CCPR2H                            0000001C
CCPR2L                            0000001B
CHS0                              00000003
CHS1                              00000004
CHS2                              00000005
MPASM  5.31                   16F877ATMPO.ASM   8-18-2009  23:53:35         PAGE  5


SYMBOL TABLE
  LABEL                             VALUE 

CIS                               00000003
CKE                               00000006
CKP                               00000004
CM0                               00000000
CM1                               00000001
CM2                               00000002
CMCON                             0000009C
CMIE                              00000006
CMIF                              00000006
CREN                              00000004
CSRC                              00000007
CVR0                              00000000
CVR1                              00000001
CVR2                              00000002
CVR3                              00000003
CVRCON                            0000009D
CVREN                             00000007
CVROE                             00000006
CVRR                              00000005
D                                 00000005
DATA_ADDRESS                      00000005
DC                                00000001
D_A                               00000005
EEADR                             0000010D
EEADRH                            0000010F
EECON1                            0000018C
EECON2                            0000018D
EEDATA                            0000010C
EEDATH                            0000010E
EEIE                              00000004
EEIF                              00000004
EEPGD                             00000007
F                                 00000001
FERR                              00000002
FSR                               00000004
GCEN                              00000007
GIE                               00000007
GO                                00000002
GO_DONE                           00000002
I2C_DATA                          00000005
I2C_READ                          00000002
I2C_START                         00000003
I2C_STOP                          00000004
IBF                               00000007
IBOV                              00000005
INDF                              00000000
INTCON                            0000000B
INTE                              00000004
INTEDG                            00000006
INTF                              00000001
IRP                               00000007
NOT_A                             00000005
NOT_ADDRESS                       00000005
MPASM  5.31                   16F877ATMPO.ASM   8-18-2009  23:53:35         PAGE  6


SYMBOL TABLE
  LABEL                             VALUE 

NOT_BO                            00000000
NOT_BOR                           00000000
NOT_DONE                          00000002
NOT_PD                            00000003
NOT_POR                           00000001
NOT_RBPU                          00000007
NOT_RC8                           00000006
NOT_T1SYNC                        00000002
NOT_TO                            00000004
NOT_TX8                           00000006
NOT_W                             00000002
NOT_WRITE                         00000002
OBF                               00000006
OERR                              00000001
OPTION_REG                        00000081
P                                 00000004
PCFG0                             00000000
PCFG1                             00000001
PCFG2                             00000002
PCFG3                             00000003
PCL                               00000002
PCLATH                            0000000A
PCON                              0000008E
PEIE                              00000006
PEN                               00000002
PIE1                              0000008C
PIE2                              0000008D
PIR1                              0000000C
PIR2                              0000000D
PORTA                             00000005
PORTB                             00000006
PORTC                             00000007
PORTD                             00000008
PORTE                             00000009
PR2                               00000092
PS0                               00000000
PS1                               00000001
PS2                               00000002
PSA                               00000003
PSPIE                             00000007
PSPIF                             00000007
PSPMODE                           00000004
R                                 00000002
RBIE                              00000003
RBIF                              00000000
RC8_9                             00000006
RC9                               00000006
RCD8                              00000000
RCEN                              00000003
RCIE                              00000005
RCIF                              00000005
RCREG                             0000001A
RCSTA                             00000018
MPASM  5.31                   16F877ATMPO.ASM   8-18-2009  23:53:35         PAGE  7


SYMBOL TABLE
  LABEL                             VALUE 

RD                                00000000
READ_WRITE                        00000002
RP0                               00000005
RP1                               00000006
RSEN                              00000001
RX9                               00000006
RX9D                              00000000
R_W                               00000002
S                                 00000003
SEN                               00000000
SIG0                              00000070
SMP                               00000007
SPBRG                             00000099
SPEN                              00000007
SREN                              00000005
SSPADD                            00000093
SSPBUF                            00000013
SSPCON                            00000014
SSPCON2                           00000091
SSPEN                             00000005
SSPIE                             00000003
SSPIF                             00000003
SSPM0                             00000000
SSPM1                             00000001
SSPM2                             00000002
SSPM3                             00000003
SSPOV                             00000006
SSPSTAT                           00000094
STATUS                            00000003
SYNC                              00000004
T0CS                              00000005
T0IE                              00000005
T0IF                              00000002
T0SE                              00000004
T1CKPS0                           00000004
T1CKPS1                           00000005
T1CON                             00000010
T1INSYNC                          00000002
T1OSCEN                           00000003
T1SYNC                            00000002
T2CKPS0                           00000000
T2CKPS1                           00000001
T2CON                             00000012
TMR0                              00000001
TMR0IE                            00000005
TMR0IF                            00000002
TMR1CS                            00000001
TMR1H                             0000000F
TMR1IE                            00000000
TMR1IF                            00000000
TMR1L                             0000000E
TMR1ON                            00000000
TMR2                              00000011
MPASM  5.31                   16F877ATMPO.ASM   8-18-2009  23:53:35         PAGE  8


SYMBOL TABLE
  LABEL                             VALUE 

TMR2IE                            00000001
TMR2IF                            00000001
TMR2ON                            00000002
TOUTPS0                           00000003
TOUTPS1                           00000004
TOUTPS2                           00000005
TOUTPS3                           00000006
TRISA                             00000085
TRISB                             00000086
TRISC                             00000087
TRISD                             00000088
TRISE                             00000089
TRISE0                            00000000
TRISE1                            00000001
TRISE2                            00000002
TRMT                              00000001
TX8_9                             00000006
TX9                               00000006
TX9D                              00000000
TXD8                              00000000
TXEN                              00000005
TXIE                              00000004
TXIF                              00000004
TXREG                             00000019
TXSTA                             00000098
UA                                00000001
W                                 00000000
WCOL                              00000007
WR                                00000001
WREN                              00000002
WRERR                             00000003
Z                                 00000002
_BODEN_OFF                        00003FBF
_BODEN_ON                         00003FFF
_CPD_OFF                          00003FFF
_CPD_ON                           00003EFF
_CP_ALL                           00001FFF
_CP_OFF                           00003FFF
_DEBUG_OFF                        00003FFF
_DEBUG_ON                         000037FF
_HS_OSC                           00003FFE
_LP_OSC                           00003FFC
_LVP_OFF                          00003F7F
_LVP_ON                           00003FFF
_PWRTE_OFF                        00003FFF
_PWRTE_ON                         00003FF7
_RC_OSC                           00003FFF
_WDT_OFF                          00003FFB
_WDT_ON                           00003FFF
_WRT_1FOURTH                      00003BFF
_WRT_256                          00003DFF
_WRT_HALF                         000039FF
_WRT_OFF                          00003FFF
MPASM  5.31                   16F877ATMPO.ASM   8-18-2009  23:53:35         PAGE  9


SYMBOL TABLE
  LABEL                             VALUE 

_XT_OSC                           00003FFD
__16F877A                         00000001
delay250us                        00000027
delay2ms                          0000003B
delay500us                        00000031
initPORTS                         00000004
initPWM                           00000020
initREGS                          0000000F
initTMR2                          00000012
main                              00000026
part1                             00000033
part2                             0000003D
part3                             0000003F
partA                             00000029

Errors   :     0
Warnings :     0 reported,     0 suppressed
Messages :     9 reported,     0 suppressed

