MPASM  5.14                        SONYIR.ASM   1-10-2009  10:46:16         PAGE  1


LOC  OBJECT CODE     LINE SOURCE TEXT
  VALUE

                      00001         list            p=16f877a       ; list directive to define processor
                      00002         #include        <p16f877a.inc>  ; processor specific variable definitions
                      00001         LIST
                      00002 ; P16F877A.INC  Standard Header File, Version 1.00    Microchip Technology, Inc.
                      00400         LIST
                      00003         
2007   3F32           00004         __CONFIG _CP_OFF & _WDT_OFF & _BODEN_OFF & _PWRTE_ON & _HS_OSC & _WRT_OFF & _LVP_OFF & _CPD_OFF
                      00005 
0000                  00006 start
                      00007 
0000   1283           00008         bcf STATUS, RP0
0001   1303           00009         bcf STATUS, RP1
0002   0185           00010         clrf PORTA
0003   0186           00011         clrf PORTB
                      00012         
0004   1683           00013         bsf STATUS, RP0
0005   3006           00014         movlw 0x06      ;sets all of portA as digital
Message[302]: Register in operand not in bank 0.  Ensure that bank bits are correct.
0006   009F           00015         movwf ADCON1
0007   3002           00016         movlw 0x02      ;sets just A1 as input
Message[302]: Register in operand not in bank 0.  Ensure that bank bits are correct.
0008   0085           00017         movwf TRISA
Message[302]: Register in operand not in bank 0.  Ensure that bank bits are correct.
0009   0186           00018         clrf TRISB
                      00019         
000A   1283           00020         bcf STATUS, RP0
                      00021         
000B                  00022 wait    
000B   0186           00023         clrf PORTB
000C   30FA           00024         movlw d'250'    
000D   2085           00025         call delay1ms
000E   30FA           00026         movlw d'250'    
000F   2085           00027         call delay1ms
0010   30FA           00028         movlw d'250'    
0011   2085           00029         call delay1ms
0012   30FA           00030         movlw d'250'    
0013   2085           00031         call delay1ms
0014   1405           00032         bsf PORTA, 0 ;standby lamp is on
0015   2816           00033         goto standby
                      00034 
0016                  00035 standby                         
0016   1C85           00036         btfss PORTA, 1 ;skip is intput is HIGH
0017   2816           00037         goto standby
0018   2819           00038         goto receive
                      00039 
0019                  00040 receive
0019   1005           00041         bcf PORTA, 0 ;standby lamp is off
001A   3027           00042         movlw d'39'
001B   2085           00043         call delay1ms ;3.9ms
                      00044         
                      00045 ;first signal
001C   1885           00046         btfsc PORTA, 1 ;is it high again?
001D   2820           00047         goto one1 ;if not high
MPASM  5.14                        SONYIR.ASM   1-10-2009  10:46:16         PAGE  2


LOC  OBJECT CODE     LINE SOURCE TEXT
  VALUE

001E   1386           00048         bcf PORTB, 7 
001F   2823           00049         goto next1 ;if high
0020                  00050 one1
0020   1786           00051         bsf PORTB, 7
0021   3006           00052         movlw d'6'
0022   2085           00053         call delay1ms
0023                  00054 next1
0023   300C           00055         movlw d'12'
0024   2085           00056         call delay1ms
                      00057         
                      00058 ;second signal
0025   1885           00059         btfsc PORTA, 1 ;is it high again?
0026   2829           00060         goto one2 ;if not high
0027   1306           00061         bcf PORTB, 6 
0028   282C           00062         goto next2 ;if high
0029                  00063 one2
0029   1706           00064         bsf PORTB, 6
002A   3006           00065         movlw d'6'
002B   2085           00066         call delay1ms
002C                  00067 next2
002C   300C           00068         movlw d'12'
002D   2085           00069         call delay1ms
                      00070 
                      00071 ;third signal
002E   1885           00072         btfsc PORTA, 1 ;is it high again?
002F   2832           00073         goto one3 ;if not high
0030   1286           00074         bcf PORTB, 5 
0031   2835           00075         goto next3 ;if high
0032                  00076 one3
0032   1686           00077         bsf PORTB, 5
0033   3006           00078         movlw d'6'
0034   2085           00079         call delay1ms
0035                  00080 next3
0035   300C           00081         movlw d'12'
0036   2085           00082         call delay1ms
                      00083 
                      00084 ;fourth signal  
0037   1885           00085         btfsc PORTA, 1 ;is it high again?
0038   283B           00086         goto one4 ;if not high
0039   1206           00087         bcf PORTB, 4 
003A   283E           00088         goto next4 ;if high
003B                  00089 one4
003B   1606           00090         bsf PORTB, 4
003C   3006           00091         movlw d'6'
003D   2085           00092         call delay1ms
003E                  00093 next4
003E   300C           00094         movlw d'12'
003F   2085           00095         call delay1ms
                      00096 
                      00097 ;fifth signal
0040   1885           00098         btfsc PORTA, 1 ;is it high again?
0041   2844           00099         goto one5 ;if not high
0042   1186           00100         bcf PORTB, 3 
MPASM  5.14                        SONYIR.ASM   1-10-2009  10:46:16         PAGE  3


LOC  OBJECT CODE     LINE SOURCE TEXT
  VALUE

0043   2847           00101         goto next5 ;if high
0044                  00102 one5
0044   1586           00103         bsf PORTB, 3
0045   3006           00104         movlw d'6'
0046   2085           00105         call delay1ms
0047                  00106 next5
0047   300C           00107         movlw d'12'
0048   2085           00108         call delay1ms
                      00109 
                      00110 ;sixth signal           
0049   1885           00111         btfsc PORTA, 1 ;is it high again?
004A   284D           00112         goto one6 ;if not high
004B   1106           00113         bcf PORTB, 2 
004C   2850           00114         goto next6 ;if high
004D                  00115 one6
004D   1506           00116         bsf PORTB, 2
004E   3006           00117         movlw d'6'
004F   2085           00118         call delay1ms
0050                  00119 next6
0050   300C           00120         movlw d'12'
0051   2085           00121         call delay1ms
                      00122                 
                      00123 ;seventh signal
0052   1885           00124         btfsc PORTA, 1 ;is it high again?
0053   2856           00125         goto one7 ;if not high
0054   1086           00126         bcf PORTB, 1 
0055   2859           00127         goto next7 ;if high
0056                  00128 one7
0056   1486           00129         bsf PORTB, 1
0057   3006           00130         movlw d'6'
0058   2085           00131         call delay1ms
0059                  00132 next7
0059   300C           00133         movlw d'12'
005A   2085           00134         call delay1ms
                      00135 
                      00136 ;eighth signal
005B   1885           00137         btfsc PORTA, 1 ;is it high again?
005C   285F           00138         goto one8 ;if not high
005D   1006           00139         bcf PORTB, 0 
005E   2862           00140         goto next8 ;if high
005F                  00141 one8
005F   1406           00142         bsf PORTB, 0
0060   3006           00143         movlw d'6'
0061   2085           00144         call delay1ms
0062                  00145 next8
0062   300C           00146         movlw d'12'
0063   2085           00147         call delay1ms
                      00148 
0064                  00149 stop
0064   30FA           00150         movlw d'250'    
0065   2085           00151         call delay1ms
0066   30FA           00152         movlw d'250'    
0067   2085           00153         call delay1ms
MPASM  5.14                        SONYIR.ASM   1-10-2009  10:46:16         PAGE  4


LOC  OBJECT CODE     LINE SOURCE TEXT
  VALUE

0068   30FA           00154         movlw d'250'    
0069   2085           00155         call delay1ms
006A   30FA           00156         movlw d'250'    
006B   2085           00157         call delay1ms
006C   30FA           00158         movlw d'250'    
006D   2085           00159         call delay1ms
006E   30FA           00160         movlw d'250'    
006F   2085           00161         call delay1ms
0070   30FA           00162         movlw d'250'    
0071   2085           00163         call delay1ms
0072   30FA           00164         movlw d'250'    
0073   2085           00165         call delay1ms
0074   30FA           00166         movlw d'250'    
0075   2085           00167         call delay1ms
0076   30FA           00168         movlw d'250'    
0077   2085           00169         call delay1ms
0078   30FA           00170         movlw d'250'    
0079   2085           00171         call delay1ms
007A   30FA           00172         movlw d'250'    
007B   2085           00173         call delay1ms
007C   30FA           00174         movlw d'250'    
007D   2085           00175         call delay1ms
007E   30FA           00176         movlw d'250'    
007F   2085           00177         call delay1ms
0080   30FA           00178         movlw d'250'    
0081   2085           00179         call delay1ms
0082   30FA           00180         movlw d'250'    
0083   2085           00181         call delay1ms
0084   280B           00182         goto wait
                      00183 ;------------------
                      00184 ;----SUBROUTINES---
                      00185 ;------------------
                      00186         
0085                  00187 delay1ms
0085   00F1           00188         movwf h'71'
0086                  00189 part2
0086   3030           00190         movlw d'48'
0087   00F0           00191         movwf h'70'
0088                  00192 part1   ;about 1000 cycles
0088   0000           00193         nop
0089   0000           00194         nop
008A   0BF0           00195         decfsz h'70', 1
008B   2888           00196         goto part1
008C   0BF1           00197         decfsz h'71', 1
008D   2886           00198         goto part2
008E   0008           00199         return
                      00200         
                      00201         END                             ; directive 'end of program'
MPASM  5.14                        SONYIR.ASM   1-10-2009  10:46:16         PAGE  5


SYMBOL TABLE
  LABEL                             VALUE 

ACKDT                             00000005
ACKEN                             00000004
ACKSTAT                           00000006
ADCON0                            0000001F
ADCON1                            0000009F
ADCS0                             00000006
ADCS1                             00000007
ADCS2                             00000006
ADDEN                             00000003
ADFM                              00000007
ADIE                              00000006
ADIF                              00000006
ADON                              00000000
ADRESH                            0000001E
ADRESL                            0000009E
BCLIE                             00000003
BCLIF                             00000003
BF                                00000000
BRGH                              00000002
C                                 00000000
C1INV                             00000004
C1OUT                             00000006
C2INV                             00000005
C2OUT                             00000007
CCP1CON                           00000017
CCP1IE                            00000002
CCP1IF                            00000002
CCP1M0                            00000000
CCP1M1                            00000001
CCP1M2                            00000002
CCP1M3                            00000003
CCP1X                             00000005
CCP1Y                             00000004
CCP2CON                           0000001D
CCP2IE                            00000000
CCP2IF                            00000000
CCP2M0                            00000000
CCP2M1                            00000001
CCP2M2                            00000002
CCP2M3                            00000003
CCP2X                             00000005
CCP2Y                             00000004
CCPR1H                            00000016
CCPR1L                            00000015
CCPR2H                            0000001C
CCPR2L                            0000001B
CHS0                              00000003
CHS1                              00000004
CHS2                              00000005
CIS                               00000003
CKE                               00000006
CKP                               00000004
CM0                               00000000
MPASM  5.14                        SONYIR.ASM   1-10-2009  10:46:16         PAGE  6


SYMBOL TABLE
  LABEL                             VALUE 

CM1                               00000001
CM2                               00000002
CMCON                             0000009C
CMIE                              00000006
CMIF                              00000006
CREN                              00000004
CSRC                              00000007
CVR0                              00000000
CVR1                              00000001
CVR2                              00000002
CVR3                              00000003
CVRCON                            0000009D
CVREN                             00000007
CVROE                             00000006
CVRR                              00000005
D                                 00000005
DATA_ADDRESS                      00000005
DC                                00000001
D_A                               00000005
EEADR                             0000010D
EEADRH                            0000010F
EECON1                            0000018C
EECON2                            0000018D
EEDATA                            0000010C
EEDATH                            0000010E
EEIE                              00000004
EEIF                              00000004
EEPGD                             00000007
F                                 00000001
FERR                              00000002
FSR                               00000004
GCEN                              00000007
GIE                               00000007
GO                                00000002
GO_DONE                           00000002
I2C_DATA                          00000005
I2C_READ                          00000002
I2C_START                         00000003
I2C_STOP                          00000004
IBF                               00000007
IBOV                              00000005
INDF                              00000000
INTCON                            0000000B
INTE                              00000004
INTEDG                            00000006
INTF                              00000001
IRP                               00000007
NOT_A                             00000005
NOT_ADDRESS                       00000005
NOT_BO                            00000000
NOT_BOR                           00000000
NOT_DONE                          00000002
NOT_PD                            00000003
MPASM  5.14                        SONYIR.ASM   1-10-2009  10:46:16         PAGE  7


SYMBOL TABLE
  LABEL                             VALUE 

NOT_POR                           00000001
NOT_RBPU                          00000007
NOT_RC8                           00000006
NOT_T1SYNC                        00000002
NOT_TO                            00000004
NOT_TX8                           00000006
NOT_W                             00000002
NOT_WRITE                         00000002
OBF                               00000006
OERR                              00000001
OPTION_REG                        00000081
P                                 00000004
PCFG0                             00000000
PCFG1                             00000001
PCFG2                             00000002
PCFG3                             00000003
PCL                               00000002
PCLATH                            0000000A
PCON                              0000008E
PEIE                              00000006
PEN                               00000002
PIE1                              0000008C
PIE2                              0000008D
PIR1                              0000000C
PIR2                              0000000D
PORTA                             00000005
PORTB                             00000006
PORTC                             00000007
PORTD                             00000008
PORTE                             00000009
PR2                               00000092
PS0                               00000000
PS1                               00000001
PS2                               00000002
PSA                               00000003
PSPIE                             00000007
PSPIF                             00000007
PSPMODE                           00000004
R                                 00000002
RBIE                              00000003
RBIF                              00000000
RC8_9                             00000006
RC9                               00000006
RCD8                              00000000
RCEN                              00000003
RCIE                              00000005
RCIF                              00000005
RCREG                             0000001A
RCSTA                             00000018
RD                                00000000
READ_WRITE                        00000002
RP0                               00000005
RP1                               00000006
MPASM  5.14                        SONYIR.ASM   1-10-2009  10:46:16         PAGE  8


SYMBOL TABLE
  LABEL                             VALUE 

RSEN                              00000001
RX9                               00000006
RX9D                              00000000
R_W                               00000002
S                                 00000003
SEN                               00000000
SMP                               00000007
SPBRG                             00000099
SPEN                              00000007
SREN                              00000005
SSPADD                            00000093
SSPBUF                            00000013
SSPCON                            00000014
SSPCON2                           00000091
SSPEN                             00000005
SSPIE                             00000003
SSPIF                             00000003
SSPM0                             00000000
SSPM1                             00000001
SSPM2                             00000002
SSPM3                             00000003
SSPOV                             00000006
SSPSTAT                           00000094
STATUS                            00000003
SYNC                              00000004
T0CS                              00000005
T0IE                              00000005
T0IF                              00000002
T0SE                              00000004
T1CKPS0                           00000004
T1CKPS1                           00000005
T1CON                             00000010
T1INSYNC                          00000002
T1OSCEN                           00000003
T1SYNC                            00000002
T2CKPS0                           00000000
T2CKPS1                           00000001
T2CON                             00000012
TMR0                              00000001
TMR0IE                            00000005
TMR0IF                            00000002
TMR1CS                            00000001
TMR1H                             0000000F
TMR1IE                            00000000
TMR1IF                            00000000
TMR1L                             0000000E
TMR1ON                            00000000
TMR2                              00000011
TMR2IE                            00000001
TMR2IF                            00000001
TMR2ON                            00000002
TOUTPS0                           00000003
TOUTPS1                           00000004
MPASM  5.14                        SONYIR.ASM   1-10-2009  10:46:16         PAGE  9


SYMBOL TABLE
  LABEL                             VALUE 

TOUTPS2                           00000005
TOUTPS3                           00000006
TRISA                             00000085
TRISB                             00000086
TRISC                             00000087
TRISD                             00000088
TRISE                             00000089
TRISE0                            00000000
TRISE1                            00000001
TRISE2                            00000002
TRMT                              00000001
TX8_9                             00000006
TX9                               00000006
TX9D                              00000000
TXD8                              00000000
TXEN                              00000005
TXIE                              00000004
TXIF                              00000004
TXREG                             00000019
TXSTA                             00000098
UA                                00000001
W                                 00000000
WCOL                              00000007
WR                                00000001
WREN                              00000002
WRERR                             00000003
Z                                 00000002
_BODEN_OFF                        00003FBF
_BODEN_ON                         00003FFF
_CPD_OFF                          00003FFF
_CPD_ON                           00003EFF
_CP_ALL                           00001FFF
_CP_OFF                           00003FFF
_DEBUG_OFF                        00003FFF
_DEBUG_ON                         000037FF
_HS_OSC                           00003FFE
_LP_OSC                           00003FFC
_LVP_OFF                          00003F7F
_LVP_ON                           00003FFF
_PWRTE_OFF                        00003FFF
_PWRTE_ON                         00003FF7
_RC_OSC                           00003FFF
_WDT_OFF                          00003FFB
_WDT_ON                           00003FFF
_WRT_1FOURTH                      00003BFF
_WRT_256                          00003DFF
_WRT_HALF                         000039FF
_WRT_OFF                          00003FFF
_XT_OSC                           00003FFD
__16F877A                         00000001
delay1ms                          00000085
next1                             00000023
next2                             0000002C
MPASM  5.14                        SONYIR.ASM   1-10-2009  10:46:16         PAGE 10


SYMBOL TABLE
  LABEL                             VALUE 

next3                             00000035
next4                             0000003E
next5                             00000047
next6                             00000050
next7                             00000059
next8                             00000062
one1                              00000020
one2                              00000029
one3                              00000032
one4                              0000003B
one5                              00000044
one6                              0000004D
one7                              00000056
one8                              0000005F
part1                             00000088
part2                             00000086
receive                           00000019
standby                           00000016
start                             00000000
stop                              00000064
wait                              0000000B


MEMORY USAGE MAP ('X' = Used,  '-' = Unused)

0000 : XXXXXXXXXXXXXXXX XXXXXXXXXXXXXXXX XXXXXXXXXXXXXXXX XXXXXXXXXXXXXXXX
0040 : XXXXXXXXXXXXXXXX XXXXXXXXXXXXXXXX XXXXXXXXXXXXXXXX XXXXXXXXXXXXXXXX
0080 : XXXXXXXXXXXXXXX- ---------------- ---------------- ----------------
2000 : -------X-------- ---------------- ---------------- ----------------

All other memory blocks unused.

Program Memory Words Used:   143
Program Memory Words Free:  8049


Errors   :     0
Warnings :     0 reported,     0 suppressed
Messages :     3 reported,     0 suppressed

