

HI-TECH Software Macro Assembler (PIC18) V9.63PL2 build 4044 
                                                       Wed Apr 15 00:59:11 2009


     1                           
     2                           	; HI-TECH C PRO for the PIC18 MCU Family V9.63P
                                 L2
     3                           	; Copyright (C) 1984-2009 HI-TECH Software
     4                           
     5                           	; Auto-generated runtime startup code for final
                                  link stage.
     6                           
     7                           	;
     8                           	; Compiler options:
     9                           	;
    10                           	; -oc.cof -mc.map --summary=default --output=de
                                 fault Untitled.p1 \
    11                           	; --chip=18F1220 -P --runtime=default --opt=def
                                 ault -D__DEBUG=1 -g \
    12                           	; --asmlist --errformat=Error   [%n] %f; %l.%c 
                                 %s \
    13                           	; --msgformat=Advisory[%n] %s --warnformat=Warn
                                 ing [%n] %f; %l.%c %s
    14                           	;
    15                           
    16                           
    17                           	GLOBAL	_main,start,_exit
    18                           	FNROOT	_main
    19                           
    20  000000                     	pic18cxx	equ	1
    21                           
    22                           	psect	config,class=CONFIG,delta=1
    23                           	psect	idloc,class=IDLOC,delta=1
    24                           	psect	eeprom_data,class=EEDATA,delta=1
    25                           	psect	const,class=CODE,delta=1,reloc=2
    26                           	psect	smallconst,class=SMALLCONST,delta=1,reloc
                                 =2
    27                           	psect	mediumconst,class=MEDIUMCONST,delta=1,rel
                                 oc=2
    28                           	psect	rbss,class=COMRAM,space=1
    29                           	psect	bss,class=RAM,space=1
    30                           	psect	rdata,class=COMRAM,space=1
    31                           	psect	irdata,class=CODE,space=0,reloc=2
    32                           	psect	bss,class=RAM,space=1
    33                           	psect	data,class=RAM,space=1
    34                           	psect	idata,class=CODE,space=0,reloc=2
    35                           	psect	nvram,class=NVRAM,space=1
    36                           	psect	nvrram,class=COMRAM,space=1
    37                           	psect	nvbit,class=COMRAM,bit,space=1
    38                           	psect	temp,ovrld,class=COMRAM,space=1
    39                           	psect	struct,ovrld,class=COMRAM,space=1
    40                           	psect	rbit,class=COMRAM,bit,space=1
    41                           	psect	bigbss,class=BIGRAM,space=1
    42                           	psect	bigdata,class=BIGRAM,space=1
    43                           	psect	ibigdata,class=CODE,space=0,reloc=2
    44                           	psect	farbss,class=FARRAM,space=0,reloc=2,delta
                                 =1
    45                           	psect	fardata,class=FARRAM,space=0,reloc=2,delt
                                 a=1
    46                           	psect	ifardata,class=CODE,space=0,reloc=2,delta
                                 =1
    47                           
    48                           	psect	reset_vec,class=CODE,delta=1,reloc=2
    49                           	psect	powerup,class=CODE,delta=1,reloc=2
    50                           	psect	intcode,class=CODE,delta=1,reloc=2
    51                           	psect	intcodelo,class=CODE,delta=1,reloc=2
    52                           	psect	intret,class=CODE,delta=1,reloc=2
    53                           	psect	intentry,class=CODE,delta=1,reloc=2
    54                           
    55                           	psect	intsave_regs,class=BIGRAM,space=1
    56                           	psect	init,class=CODE,delta=1,reloc=2
    57                           	psect	text,class=CODE,delta=1,reloc=2
    58                           GLOBAL	intlevel0,intlevel1,intlevel2
    59  000006                     intlevel0:
    60  000006                     intlevel1:
    61  000006                     intlevel2:
    62                           GLOBAL	intlevel3
    63  000006                     intlevel3:
    64                           	psect	end_init,class=CODE,delta=1,reloc=2
    65                           	psect	clrtext,class=CODE,delta=1,reloc=2
    66                           
    67                           	psect	rparam,class=COMRAM,space=1
    68                           	psect	param0,class=BANK0,space=1
    69  000000                     wreg	EQU	0FE8h
    70  000000                     fsr0l	EQU	0FE9h
    71  000000                     fsr0h	EQU	0FEAh
    72  000000                     fsr1l	EQU	0FE1h
    73  000000                     fsr1h	EQU	0FE2h
    74  000000                     fsr2l	EQU	0FD9h
    75  000000                     fsr2h	EQU	0FDAh
    76  000000                     postinc0	EQU	0FEEh
    77  000000                     postdec0	EQU	0FEDh
    78  000000                     postinc1	EQU	0FE6h
    79  000000                     postdec1	EQU	0FE5h
    80  000000                     postinc2	EQU	0FDEh
    81  000000                     postdec2	EQU	0FDDh
    82  000000                     tblptrl	EQU	0FF6h
    83  000000                     tblptrh	EQU	0FF7h
    84  000000                     tblptru	EQU	0FF8h
    85  000000                     tablat		EQU	0FF5h
    86                           
    87                           	GLOBAL __accesstop
    88  000000                     __accesstop EQU 128
    89                           	PSECT	ramtop,class=RAM
    90                           	GLOBAL	__S1			; top of RAM usage
    91                           	GLOBAL	__ramtop
    92                           	GLOBAL	__LRAM,__HRAM
    93  000100                     __ramtop:
    94                           
    95                           	PSECT	reset_vec
    96  000000                     reset_pos:
    97                           
    98                           	PSECT	init
    99  000000                     start:
   100  000000                     _exit:
   101                           ; fardata psect  - 0 bytes to load
   102                           
   103                           ; farbss psect  - 0 bytes to clear
   104                           
   105                           ; bigdata psect - 0 bytes to load
   106                           
   107  000000  F000               	nop	; NOP for reset vector (precedes GOTO instr
                                 uction)
   108  000002  EFC2  F007         	goto	_main		;go do the main stuff


HI-TECH Software PICC-18 Macro Assembler V9.63PL2 build 4044 
Symbol Table                                           Wed Apr 15 00:59:11 2009

        __S1 0100         _main 0F84         _exit 0000  
       start 0000        __HRAM 0000        __LRAM 0001  
 __accesstop 000080      __ramtop 0100     intlevel0 0006  
   intlevel1 0006     intlevel2 0006     intlevel3 0006  
   reset_pos 0000  
